{"C:\\Users\\Ali\\Desktop\\Vite\\games\\src\\api\\api_names\\api-names.ts": {"path":"C:\\Users\\Ali\\Desktop\\Vite\\games\\src\\api\\api_names\\api-names.ts","statementMap":{"0":{"start":{"line":1,"column":18},"end":{"line":3,"column":2}},"1":{"start":{"line":5,"column":9},"end":{"line":5,"column":18}}},"fnMap":{},"branchMap":{},"s":{"0":1,"1":1},"f":{},"b":{}}
,"C:\\Users\\Ali\\Desktop\\Vite\\games\\src\\api\\api_urls\\api-urls.ts": {"path":"C:\\Users\\Ali\\Desktop\\Vite\\games\\src\\api\\api_urls\\api-urls.ts","statementMap":{"0":{"start":{"line":1,"column":18},"end":{"line":3,"column":2}},"1":{"start":{"line":5,"column":9},"end":{"line":5,"column":18}}},"fnMap":{},"branchMap":{},"s":{"0":1,"1":1},"f":{},"b":{}}
,"C:\\Users\\Ali\\Desktop\\Vite\\games\\src\\api\\games_api\\games-api.ts": {"path":"C:\\Users\\Ali\\Desktop\\Vite\\games\\src\\api\\games_api\\games-api.ts","statementMap":{"0":{"start":{"line":1,"column":0},"end":{"line":1,"column":73}},"1":{"start":{"line":2,"column":0},"end":{"line":2,"column":51}},"2":{"start":{"line":3,"column":0},"end":{"line":3,"column":49}},"3":{"start":{"line":5,"column":17},"end":{"line":9,"column":2}},"4":{"start":{"line":8,"column":18},"end":{"line":8,"column":null}},"5":{"start":{"line":11,"column":20},"end":{"line":18,"column":2}},"6":{"start":{"line":12,"column":23},"end":{"line":16,"column":null}},"7":{"start":{"line":14,"column":19},"end":{"line":14,"column":null}},"8":{"start":{"line":35,"column":1},"end":{"line":35,"column":12}},"9":{"start":{"line":20,"column":27},"end":{"line":27,"column":2}},"10":{"start":{"line":21,"column":23},"end":{"line":25,"column":null}},"11":{"start":{"line":23,"column":19},"end":{"line":23,"column":null}},"12":{"start":{"line":36,"column":1},"end":{"line":36,"column":19}},"13":{"start":{"line":29,"column":29},"end":{"line":29,"column":41}},"14":{"start":{"line":33,"column":1},"end":{"line":33,"column":17}},"15":{"start":{"line":30,"column":35},"end":{"line":30,"column":54}},"16":{"start":{"line":34,"column":1},"end":{"line":34,"column":23}}},"fnMap":{"0":{"name":"(anonymous_0)","decl":{"start":{"line":8,"column":12},"end":{"line":8,"column":18}},"loc":{"start":{"line":8,"column":12},"end":{"line":8,"column":19}}},"1":{"name":"(anonymous_1)","decl":{"start":{"line":12,"column":12},"end":{"line":12,"column":13}},"loc":{"start":{"line":12,"column":18},"end":{"line":12,"column":24}}},"2":{"name":"(anonymous_2)","decl":{"start":{"line":14,"column":10},"end":{"line":14,"column":11}},"loc":{"start":{"line":14,"column":14},"end":{"line":14,"column":22}}},"3":{"name":"(anonymous_3)","decl":{"start":{"line":21,"column":12},"end":{"line":21,"column":13}},"loc":{"start":{"line":21,"column":18},"end":{"line":21,"column":24}}},"4":{"name":"(anonymous_4)","decl":{"start":{"line":23,"column":10},"end":{"line":23,"column":11}},"loc":{"start":{"line":23,"column":14},"end":{"line":23,"column":22}}}},"branchMap":{},"s":{"0":1,"1":1,"2":1,"3":1,"4":1,"5":1,"6":1,"7":0,"8":1,"9":1,"10":1,"11":0,"12":1,"13":1,"14":1,"15":1,"16":1},"f":{"0":1,"1":1,"2":0,"3":1,"4":0},"b":{}}
,"C:\\Users\\Ali\\Desktop\\Vite\\games\\src\\components\\pagination\\index.tsx": {"path":"C:\\Users\\Ali\\Desktop\\Vite\\games\\src\\components\\pagination\\index.tsx","statementMap":{"0":{"start":{"line":2,"column":0},"end":{"line":2,"column":50}},"1":{"start":{"line":3,"column":0},"end":{"line":3,"column":57}},"2":{"start":{"line":4,"column":0},"end":{"line":4,"column":62}},"3":{"start":{"line":5,"column":0},"end":{"line":5,"column":61}},"4":{"start":{"line":6,"column":0},"end":{"line":6,"column":78}},"5":{"start":{"line":8,"column":37},"end":{"line":8,"column":63}},"6":{"start":{"line":9,"column":18},"end":{"line":9,"column":34}},"7":{"start":{"line":10,"column":32},"end":{"line":12,"column":null}},"8":{"start":{"line":21,"column":2},"end":{"line":21,"column":33}},"9":{"start":{"line":23,"column":1},"end":{"line":35,"column":3}},"10":{"start":{"line":38,"column":9},"end":{"line":38,"column":24}}},"fnMap":{"0":{"name":"PaginationGames","decl":{"start":{"line":8,"column":9},"end":{"line":8,"column":24}},"loc":{"start":{"line":8,"column":63},"end":{"line":36,"column":1}}},"1":{"name":"handlePaginationChange","decl":{"start":{"line":17,"column":10},"end":{"line":17,"column":32}},"loc":{"start":{"line":19,"column":15},"end":{"line":22,"column":2}}}},"branchMap":{},"s":{"0":1,"1":1,"2":1,"3":1,"4":1,"5":1,"6":1,"7":1,"8":0,"9":1,"10":1},"f":{"0":1,"1":0},"b":{}}
,"C:\\Users\\Ali\\Desktop\\Vite\\games\\src\\functions\\main-selector.ts": {"path":"C:\\Users\\Ali\\Desktop\\Vite\\games\\src\\functions\\main-selector.ts","statementMap":{"0":{"start":{"line":1,"column":0},"end":{"line":1,"column":54}},"1":{"start":{"line":8,"column":18},"end":{"line":8,"column":61}},"2":{"start":{"line":8,"column":44},"end":{"line":8,"column":61}},"3":{"start":{"line":9,"column":1},"end":{"line":11,"column":null}},"4":{"start":{"line":10,"column":2},"end":{"line":10,"column":35}},"5":{"start":{"line":12,"column":1},"end":{"line":14,"column":null}},"6":{"start":{"line":13,"column":2},"end":{"line":13,"column":51}},"7":{"start":{"line":15,"column":1},"end":{"line":15,"column":17}},"8":{"start":{"line":17,"column":9},"end":{"line":17,"column":21}}},"fnMap":{"0":{"name":"mainSelector","decl":{"start":{"line":3,"column":9},"end":{"line":3,"column":21}},"loc":{"start":{"line":6,"column":24},"end":{"line":16,"column":1}}},"1":{"name":"(anonymous_1)","decl":{"start":{"line":8,"column":33},"end":{"line":8,"column":34}},"loc":{"start":{"line":8,"column":39},"end":{"line":8,"column":49}}}},"branchMap":{"0":{"loc":{"start":{"line":9,"column":1},"end":{"line":11,"column":null}},"type":"if","locations":[{"start":{"line":9,"column":1},"end":{"line":11,"column":null}}]},"1":{"loc":{"start":{"line":9,"column":5},"end":{"line":9,"column":39}},"type":"binary-expr","locations":[{"start":{"line":9,"column":5},"end":{"line":9,"column":20}},{"start":{"line":9,"column":24},"end":{"line":9,"column":39}}]},"2":{"loc":{"start":{"line":12,"column":1},"end":{"line":14,"column":null}},"type":"if","locations":[{"start":{"line":12,"column":1},"end":{"line":14,"column":null}}]},"3":{"loc":{"start":{"line":12,"column":5},"end":{"line":12,"column":38}},"type":"binary-expr","locations":[{"start":{"line":12,"column":5},"end":{"line":12,"column":20}},{"start":{"line":12,"column":24},"end":{"line":12,"column":38}}]}},"s":{"0":1,"1":1,"2":2,"3":1,"4":1,"5":0,"6":0,"7":0,"8":1},"f":{"0":1,"1":2},"b":{"0":[1],"1":[1,1],"2":[0],"3":[0,0]}}
,"C:\\Users\\Ali\\Desktop\\Vite\\games\\src\\functions\\pagination-total-pages.ts": {"path":"C:\\Users\\Ali\\Desktop\\Vite\\games\\src\\functions\\pagination-total-pages.ts","statementMap":{"0":{"start":{"line":2,"column":22},"end":{"line":2,"column":24}},"1":{"start":{"line":3,"column":1},"end":{"line":3,"column":40}},"2":{"start":{"line":5,"column":8},"end":{"line":5,"column":28}}},"fnMap":{"0":{"name":"paginationTotalPages","decl":{"start":{"line":1,"column":9},"end":{"line":1,"column":29}},"loc":{"start":{"line":1,"column":43},"end":{"line":4,"column":1}}}},"branchMap":{},"s":{"0":2,"1":2,"2":2},"f":{"0":2},"b":{}}
,"C:\\Users\\Ali\\Desktop\\Vite\\games\\src\\hooks\\store-hooks.ts": {"path":"C:\\Users\\Ali\\Desktop\\Vite\\games\\src\\hooks\\store-hooks.ts","statementMap":{"0":{"start":{"line":1,"column":0},"end":{"line":1,"column":77}},"1":{"start":{"line":5,"column":13},"end":{"line":5,"column":61}},"2":{"start":{"line":6,"column":13},"end":{"line":6,"column":75}}},"fnMap":{},"branchMap":{},"s":{"0":1,"1":1,"2":1},"f":{},"b":{}}
,"C:\\Users\\Ali\\Desktop\\Vite\\games\\src\\slices\\api-key-slice.ts": {"path":"C:\\Users\\Ali\\Desktop\\Vite\\games\\src\\slices\\api-key-slice.ts","statementMap":{"0":{"start":{"line":1,"column":0},"end":{"line":1,"column":47}},"1":{"start":{"line":3,"column":23},"end":{"line":3,"column":50}},"2":{"start":{"line":4,"column":21},"end":{"line":4,"column":43}},"3":{"start":{"line":6,"column":20},"end":{"line":18,"column":2}},"4":{"start":{"line":11,"column":3},"end":{"line":11,"column":47}},"5":{"start":{"line":12,"column":3},"end":{"line":12,"column":25}},"6":{"start":{"line":15,"column":3},"end":{"line":15,"column":15}},"7":{"start":{"line":19,"column":15},"end":{"line":19,"column":44}},"8":{"start":{"line":20,"column":0},"end":{"line":20,"column":35}}},"fnMap":{"0":{"name":"(anonymous_0)","decl":{"start":{"line":10,"column":12},"end":{"line":10,"column":13}},"loc":{"start":{"line":10,"column":26},"end":{"line":13,"column":3}}},"1":{"name":"(anonymous_1)","decl":{"start":{"line":14,"column":14},"end":{"line":14,"column":null}},"loc":{"start":{"line":14,"column":14},"end":{"line":16,"column":3}}}},"branchMap":{"0":{"loc":{"start":{"line":4,"column":21},"end":{"line":4,"column":43}},"type":"binary-expr","locations":[{"start":{"line":4,"column":21},"end":{"line":4,"column":25}},{"start":{"line":4,"column":29},"end":{"line":4,"column":43}}]}},"s":{"0":1,"1":1,"2":1,"3":1,"4":0,"5":0,"6":0,"7":1,"8":1},"f":{"0":0,"1":0},"b":{"0":[1,1]}}
,"C:\\Users\\Ali\\Desktop\\Vite\\games\\src\\slices\\display-options-slice.ts": {"path":"C:\\Users\\Ali\\Desktop\\Vite\\games\\src\\slices\\display-options-slice.ts","statementMap":{"0":{"start":{"line":1,"column":0},"end":{"line":1,"column":47}},"1":{"start":{"line":3,"column":18},"end":{"line":6,"column":2}},"2":{"start":{"line":20,"column":9},"end":{"line":20,"column":18}},"3":{"start":{"line":7,"column":21},"end":{"line":7,"column":34}},"4":{"start":{"line":9,"column":28},"end":{"line":17,"column":2}},"5":{"start":{"line":14,"column":3},"end":{"line":14,"column":25}},"6":{"start":{"line":19,"column":15},"end":{"line":19,"column":64}},"7":{"start":{"line":21,"column":0},"end":{"line":21,"column":43}}},"fnMap":{"0":{"name":"(anonymous_0)","decl":{"start":{"line":13,"column":18},"end":{"line":13,"column":19}},"loc":{"start":{"line":13,"column":32},"end":{"line":15,"column":3}}}},"branchMap":{},"s":{"0":1,"1":1,"2":1,"3":1,"4":1,"5":0,"6":1,"7":1},"f":{"0":0},"b":{}}
,"C:\\Users\\Ali\\Desktop\\Vite\\games\\src\\slices\\main-url-slice.ts": {"path":"C:\\Users\\Ali\\Desktop\\Vite\\games\\src\\slices\\main-url-slice.ts","statementMap":{"0":{"start":{"line":1,"column":0},"end":{"line":1,"column":47}},"1":{"start":{"line":3,"column":15},"end":{"line":3,"column":49}},"2":{"start":{"line":4,"column":21},"end":{"line":7,"column":2}},"3":{"start":{"line":8,"column":21},"end":{"line":16,"column":2}},"4":{"start":{"line":13,"column":3},"end":{"line":13,"column":49}},"5":{"start":{"line":18,"column":15},"end":{"line":18,"column":53}},"6":{"start":{"line":19,"column":0},"end":{"line":19,"column":36}}},"fnMap":{"0":{"name":"(anonymous_2)","decl":{"start":{"line":12,"column":14},"end":{"line":12,"column":15}},"loc":{"start":{"line":12,"column":28},"end":{"line":14,"column":3}}}},"branchMap":{},"s":{"0":1,"1":1,"2":1,"3":1,"4":0,"5":1,"6":1},"f":{"0":0},"b":{}}
,"C:\\Users\\Ali\\Desktop\\Vite\\games\\src\\slices\\pagination-slice.ts": {"path":"C:\\Users\\Ali\\Desktop\\Vite\\games\\src\\slices\\pagination-slice.ts","statementMap":{"0":{"start":{"line":1,"column":0},"end":{"line":1,"column":47}},"1":{"start":{"line":3,"column":21},"end":{"line":3,"column":63}},"2":{"start":{"line":5,"column":24},"end":{"line":13,"column":2}},"3":{"start":{"line":10,"column":3},"end":{"line":10,"column":55}},"4":{"start":{"line":14,"column":15},"end":{"line":14,"column":57}},"5":{"start":{"line":15,"column":0},"end":{"line":15,"column":39}}},"fnMap":{"0":{"name":"(anonymous_2)","decl":{"start":{"line":9,"column":15},"end":{"line":9,"column":16}},"loc":{"start":{"line":9,"column":29},"end":{"line":11,"column":3}}}},"branchMap":{},"s":{"0":1,"1":1,"2":1,"3":0,"4":1,"5":1},"f":{"0":0},"b":{}}
,"C:\\Users\\Ali\\Desktop\\Vite\\games\\src\\slices\\platforms-filter-slice.ts": {"path":"C:\\Users\\Ali\\Desktop\\Vite\\games\\src\\slices\\platforms-filter-slice.ts","statementMap":{"0":{"start":{"line":1,"column":0},"end":{"line":1,"column":47}},"1":{"start":{"line":3,"column":29},"end":{"line":3,"column":32}},"2":{"start":{"line":5,"column":29},"end":{"line":13,"column":2}},"3":{"start":{"line":10,"column":3},"end":{"line":10,"column":25}},"4":{"start":{"line":15,"column":28},"end":{"line":15,"column":57}},"5":{"start":{"line":17,"column":9},"end":{"line":17,"column":24}},"6":{"start":{"line":18,"column":0},"end":{"line":18,"column":44}}},"fnMap":{"0":{"name":"(anonymous_0)","decl":{"start":{"line":9,"column":17},"end":{"line":9,"column":18}},"loc":{"start":{"line":9,"column":31},"end":{"line":11,"column":3}}}},"branchMap":{},"s":{"0":1,"1":1,"2":1,"3":0,"4":1,"5":1,"6":1},"f":{"0":0},"b":{}}
,"C:\\Users\\Ali\\Desktop\\Vite\\games\\src\\slices\\search-slice.ts": {"path":"C:\\Users\\Ali\\Desktop\\Vite\\games\\src\\slices\\search-slice.ts","statementMap":{"0":{"start":{"line":1,"column":0},"end":{"line":1,"column":47}},"1":{"start":{"line":3,"column":21},"end":{"line":3,"column":23}},"2":{"start":{"line":4,"column":20},"end":{"line":12,"column":2}},"3":{"start":{"line":9,"column":3},"end":{"line":9,"column":25}},"4":{"start":{"line":14,"column":15},"end":{"line":14,"column":55}},"5":{"start":{"line":15,"column":0},"end":{"line":15,"column":35}}},"fnMap":{"0":{"name":"(anonymous_0)","decl":{"start":{"line":8,"column":17},"end":{"line":8,"column":18}},"loc":{"start":{"line":8,"column":31},"end":{"line":10,"column":3}}}},"branchMap":{},"s":{"0":1,"1":1,"2":1,"3":0,"4":1,"5":1},"f":{"0":0},"b":{}}
,"C:\\Users\\Ali\\Desktop\\Vite\\games\\src\\slices\\select-slice.ts": {"path":"C:\\Users\\Ali\\Desktop\\Vite\\games\\src\\slices\\select-slice.ts","statementMap":{"0":{"start":{"line":1,"column":0},"end":{"line":1,"column":47}},"1":{"start":{"line":3,"column":21},"end":{"line":3,"column":31}},"2":{"start":{"line":5,"column":20},"end":{"line":13,"column":2}},"3":{"start":{"line":10,"column":3},"end":{"line":10,"column":25}},"4":{"start":{"line":15,"column":15},"end":{"line":15,"column":51}},"5":{"start":{"line":16,"column":0},"end":{"line":16,"column":35}}},"fnMap":{"0":{"name":"(anonymous_0)","decl":{"start":{"line":9,"column":13},"end":{"line":9,"column":14}},"loc":{"start":{"line":9,"column":27},"end":{"line":11,"column":3}}}},"branchMap":{},"s":{"0":1,"1":1,"2":1,"3":0,"4":1,"5":1},"f":{"0":0},"b":{}}
,"C:\\Users\\Ali\\Desktop\\Vite\\games\\src\\store\\store.ts": {"path":"C:\\Users\\Ali\\Desktop\\Vite\\games\\src\\store\\store.ts","statementMap":{"0":{"start":{"line":1,"column":0},"end":{"line":1,"column":67}},"1":{"start":{"line":2,"column":0},"end":{"line":2,"column":56}},"2":{"start":{"line":3,"column":0},"end":{"line":3,"column":77}},"3":{"start":{"line":4,"column":0},"end":{"line":4,"column":49}},"4":{"start":{"line":5,"column":0},"end":{"line":5,"column":52}},"5":{"start":{"line":6,"column":0},"end":{"line":6,"column":50}},"6":{"start":{"line":7,"column":0},"end":{"line":7,"column":49}},"7":{"start":{"line":8,"column":0},"end":{"line":8,"column":66}},"8":{"start":{"line":9,"column":0},"end":{"line":9,"column":57}},"9":{"start":{"line":10,"column":0},"end":{"line":10,"column":68}},"10":{"start":{"line":12,"column":23},"end":{"line":22,"column":3}},"11":{"start":{"line":24,"column":14},"end":{"line":30,"column":2}},"12":{"start":{"line":27,"column":2},"end":{"line":29,"column":null}},"13":{"start":{"line":36,"column":9},"end":{"line":36,"column":14}},"14":{"start":{"line":31,"column":0},"end":{"line":31,"column":31}}},"fnMap":{"0":{"name":"(anonymous_1)","decl":{"start":{"line":26,"column":13},"end":{"line":26,"column":14}},"loc":{"start":{"line":26,"column":34},"end":{"line":27,"column":22}}}},"branchMap":{},"s":{"0":1,"1":1,"2":1,"3":1,"4":1,"5":1,"6":1,"7":1,"8":1,"9":1,"10":1,"11":1,"12":1,"13":1,"14":1},"f":{"0":1},"b":{}}
}
