TN:
SF:src\api\api_names\api-names.ts
FNF:0
FNH:0
DA:1,1
DA:5,1
LF:2
LH:2
BRF:0
BRH:0
end_of_record
TN:
SF:src\api\api_urls\api-urls.ts
FNF:0
FNH:0
DA:1,1
DA:5,1
LF:2
LH:2
BRF:0
BRH:0
end_of_record
TN:
SF:src\api\games_api\games-api.ts
FN:8,(anonymous_0)
FN:12,(anonymous_1)
FN:14,(anonymous_2)
FN:21,(anonymous_3)
FN:23,(anonymous_4)
FNF:5
FNH:3
FNDA:1,(anonymous_0)
FNDA:1,(anonymous_1)
FNDA:0,(anonymous_2)
FNDA:1,(anonymous_3)
FNDA:0,(anonymous_4)
DA:1,1
DA:2,1
DA:3,1
DA:5,1
DA:8,1
DA:11,1
DA:12,1
DA:14,0
DA:20,1
DA:21,1
DA:23,0
DA:29,1
DA:30,1
DA:33,1
DA:34,1
DA:35,1
DA:36,1
LF:17
LH:15
BRF:0
BRH:0
end_of_record
TN:
SF:src\components\pagination\index.tsx
FN:8,PaginationGames
FN:17,handlePaginationChange
FNF:2
FNH:1
FNDA:1,PaginationGames
FNDA:0,handlePaginationChange
DA:2,1
DA:3,1
DA:4,1
DA:5,1
DA:6,1
DA:8,1
DA:9,1
DA:10,1
DA:21,0
DA:23,1
DA:38,1
LF:11
LH:10
BRF:0
BRH:0
end_of_record
TN:
SF:src\functions\main-selector.ts
FN:3,mainSelector
FN:8,(anonymous_1)
FNF:2
FNH:2
FNDA:1,mainSelector
FNDA:2,(anonymous_1)
DA:1,1
DA:8,2
DA:9,1
DA:10,1
DA:12,0
DA:13,0
DA:15,0
DA:17,1
LF:8
LH:5
BRDA:9,0,0,1
BRDA:9,1,0,1
BRDA:9,1,1,1
BRDA:12,2,0,0
BRDA:12,3,0,0
BRDA:12,3,1,0
BRF:6
BRH:3
end_of_record
TN:
SF:src\functions\pagination-total-pages.ts
FN:1,paginationTotalPages
FNF:1
FNH:1
FNDA:2,paginationTotalPages
DA:2,2
DA:3,2
DA:5,2
LF:3
LH:3
BRF:0
BRH:0
end_of_record
TN:
SF:src\hooks\store-hooks.ts
FNF:0
FNH:0
DA:1,1
DA:5,1
DA:6,1
LF:3
LH:3
BRF:0
BRH:0
end_of_record
TN:
SF:src\slices\api-key-slice.ts
FN:10,(anonymous_0)
FN:14,(anonymous_1)
FNF:2
FNH:0
FNDA:0,(anonymous_0)
FNDA:0,(anonymous_1)
DA:1,1
DA:3,1
DA:4,1
DA:6,1
DA:11,0
DA:12,0
DA:15,0
DA:19,1
DA:20,1
LF:9
LH:6
BRDA:4,0,0,1
BRDA:4,0,1,1
BRF:2
BRH:2
end_of_record
TN:
SF:src\slices\display-options-slice.ts
FN:13,(anonymous_0)
FNF:1
FNH:0
FNDA:0,(anonymous_0)
DA:1,1
DA:3,1
DA:7,1
DA:9,1
DA:14,0
DA:19,1
DA:20,1
DA:21,1
LF:8
LH:7
BRF:0
BRH:0
end_of_record
TN:
SF:src\slices\main-url-slice.ts
FN:12,(anonymous_2)
FNF:1
FNH:0
FNDA:0,(anonymous_2)
DA:1,1
DA:3,1
DA:4,1
DA:8,1
DA:13,0
DA:18,1
DA:19,1
LF:7
LH:6
BRF:0
BRH:0
end_of_record
TN:
SF:src\slices\pagination-slice.ts
FN:9,(anonymous_2)
FNF:1
FNH:0
FNDA:0,(anonymous_2)
DA:1,1
DA:3,1
DA:5,1
DA:10,0
DA:14,1
DA:15,1
LF:6
LH:5
BRF:0
BRH:0
end_of_record
TN:
SF:src\slices\platforms-filter-slice.ts
FN:9,(anonymous_0)
FNF:1
FNH:0
FNDA:0,(anonymous_0)
DA:1,1
DA:3,1
DA:5,1
DA:10,0
DA:15,1
DA:17,1
DA:18,1
LF:7
LH:6
BRF:0
BRH:0
end_of_record
TN:
SF:src\slices\search-slice.ts
FN:8,(anonymous_0)
FNF:1
FNH:0
FNDA:0,(anonymous_0)
DA:1,1
DA:3,1
DA:4,1
DA:9,0
DA:14,1
DA:15,1
LF:6
LH:5
BRF:0
BRH:0
end_of_record
TN:
SF:src\slices\select-slice.ts
FN:9,(anonymous_0)
FNF:1
FNH:0
FNDA:0,(anonymous_0)
DA:1,1
DA:3,1
DA:5,1
DA:10,0
DA:15,1
DA:16,1
LF:6
LH:5
BRF:0
BRH:0
end_of_record
TN:
SF:src\store\store.ts
FN:26,(anonymous_1)
FNF:1
FNH:1
FNDA:1,(anonymous_1)
DA:1,1
DA:2,1
DA:3,1
DA:4,1
DA:5,1
DA:6,1
DA:7,1
DA:8,1
DA:9,1
DA:10,1
DA:12,1
DA:24,1
DA:27,1
DA:31,1
DA:36,1
LF:15
LH:15
BRF:0
BRH:0
end_of_record
